<?xml version="1.0" encoding="UTF-8"?>
<!-- Generated by org.testng.reporters.JUnitReportReporter -->
<testsuite hostname="fv-az275-899" failures="0" tests="2" name="runner.TestRunner" time="10.977" errors="0" timestamp="2021-04-06T08:04:25 UTC" skipped="0">
  <testcase classname="runner.TestRunner" name="runScenario" time="0.842"/>
  <system-out/>
  <testcase classname="runner.TestRunner" name="runScenario" time="10.135"/>
  <system-out/>
</testsuite> <!-- runner.TestRunner -->
